This file contains any messages produced by compilers while
running configure, to aid debugging if configure makes a mistake.

It was created by skytools configure 2.1.13, which was
generated by GNU Autoconf 2.67.  Invocation command line was

  $ ./configure --prefix=/opt/skytools2 --with-pgconfig=/usr/lib/postgresql/9.6/bin/pg_config

## --------- ##
## Platform. ##
## --------- ##

hostname = ip-172-31-17-85
uname -m = x86_64
uname -r = 4.4.0-1055-aws
uname -s = Linux
uname -v = #64-Ubuntu SMP Thu Apr 5 17:06:36 UTC 2018

/usr/bin/uname -p = unknown
/bin/uname -X     = unknown

/bin/arch              = unknown
/usr/bin/arch -k       = unknown
/usr/convex/getsysinfo = unknown
/usr/bin/hostinfo      = unknown
/bin/machine           = unknown
/usr/bin/oslevel       = unknown
/bin/universe          = unknown

PATH: /home/ubuntu/bin
PATH: /home/ubuntu/.local/bin
PATH: /usr/local/sbin
PATH: /usr/local/bin
PATH: /usr/sbin
PATH: /usr/bin
PATH: /sbin
PATH: /bin
PATH: /usr/games
PATH: /usr/local/games
PATH: /snap/bin


## ----------- ##
## Core tests. ##
## ----------- ##

configure:1844: checking for python
configure:1862: found /usr/bin/python
configure:1874: result: /usr/bin/python
configure:1892: checking for pg_config
configure:1895: result: /usr/lib/postgresql/9.6/bin/pg_config
configure:1947: checking for GNU make
configure:1958: result: make
configure:2149: checking for gcc
configure:2165: found /usr/bin/gcc
configure:2176: result: gcc
configure:2405: checking for C compiler version
configure:2414: gcc --version >&5
gcc (Ubuntu 5.4.0-6ubuntu1~16.04.9) 5.4.0 20160609
Copyright (C) 2015 Free Software Foundation, Inc.
This is free software; see the source for copying conditions.  There is NO
warranty; not even for MERCHANTABILITY or FITNESS FOR A PARTICULAR PURPOSE.

configure:2425: $? = 0
configure:2414: gcc -v >&5
Using built-in specs.
COLLECT_GCC=gcc
COLLECT_LTO_WRAPPER=/usr/lib/gcc/x86_64-linux-gnu/5/lto-wrapper
Target: x86_64-linux-gnu
Configured with: ../src/configure -v --with-pkgversion='Ubuntu 5.4.0-6ubuntu1~16.04.9' --with-bugurl=file:///usr/share/doc/gcc-5/README.Bugs --enable-languages=c,ada,c++,java,go,d,fortran,objc,obj-c++ --prefix=/usr --program-suffix=-5 --enable-shared --enable-linker-build-id --libexecdir=/usr/lib --without-included-gettext --enable-threads=posix --libdir=/usr/lib --enable-nls --with-sysroot=/ --enable-clocale=gnu --enable-libstdcxx-debug --enable-libstdcxx-time=yes --with-default-libstdcxx-abi=new --enable-gnu-unique-object --disable-vtable-verify --enable-libmpx --enable-plugin --with-system-zlib --disable-browser-plugin --enable-java-awt=gtk --enable-gtk-cairo --with-java-home=/usr/lib/jvm/java-1.5.0-gcj-5-amd64/jre --enable-java-home --with-jvm-root-dir=/usr/lib/jvm/java-1.5.0-gcj-5-amd64 --with-jvm-jar-dir=/usr/lib/jvm-exports/java-1.5.0-gcj-5-amd64 --with-arch-directory=amd64 --with-ecj-jar=/usr/share/java/eclipse-ecj.jar --enable-objc-gc --enable-multiarch --disable-werror --with-arch-32=i686 --with-abi=m64 --with-multilib-list=m32,m64,mx32 --enable-multilib --with-tune=generic --enable-checking=release --build=x86_64-linux-gnu --host=x86_64-linux-gnu --target=x86_64-linux-gnu
Thread model: posix
gcc version 5.4.0 20160609 (Ubuntu 5.4.0-6ubuntu1~16.04.9) 
configure:2425: $? = 0
configure:2414: gcc -V >&5
gcc: error: unrecognized command line option '-V'
gcc: fatal error: no input files
compilation terminated.
configure:2425: $? = 1
configure:2414: gcc -qversion >&5
gcc: error: unrecognized command line option '-qversion'
gcc: fatal error: no input files
compilation terminated.
configure:2425: $? = 1
configure:2445: checking whether the C compiler works
configure:2467: gcc    conftest.c  >&5
configure:2471: $? = 0
configure:2519: result: yes
configure:2522: checking for C compiler default output file name
configure:2524: result: a.out
configure:2530: checking for suffix of executables
configure:2537: gcc -o conftest    conftest.c  >&5
configure:2541: $? = 0
configure:2563: result: 
configure:2585: checking whether we are cross compiling
configure:2593: gcc -o conftest    conftest.c  >&5
configure:2597: $? = 0
configure:2604: ./conftest
configure:2608: $? = 0
configure:2623: result: no
configure:2628: checking for suffix of object files
configure:2650: gcc -c   conftest.c >&5
configure:2654: $? = 0
configure:2675: result: o
configure:2679: checking whether we are using the GNU C compiler
configure:2698: gcc -c   conftest.c >&5
configure:2698: $? = 0
configure:2707: result: yes
configure:2716: checking whether gcc accepts -g
configure:2736: gcc -c -g  conftest.c >&5
configure:2736: $? = 0
configure:2777: result: yes
configure:2794: checking for gcc option to accept ISO C89
configure:2858: gcc  -c -g -O2  conftest.c >&5
configure:2858: $? = 0
configure:2871: result: none needed
configure:2894: checking for unsetenv
configure:2894: gcc -o conftest -g -O2   conftest.c  >&5
configure:2894: $? = 0
configure:2894: result: yes
configure:3045: creating ./config.status

## ---------------------- ##
## Running config.status. ##
## ---------------------- ##

This file was extended by skytools config.status 2.1.13, which was
generated by GNU Autoconf 2.67.  Invocation command line was

  CONFIG_FILES    = 
  CONFIG_HEADERS  = 
  CONFIG_LINKS    = 
  CONFIG_COMMANDS = 
  $ ./config.status 

on ip-172-31-17-85

config.status:733: creating config.mak

## ---------------- ##
## Cache variables. ##
## ---------------- ##

ac_cv_c_compiler_gnu=yes
ac_cv_env_CC_set=
ac_cv_env_CC_value=
ac_cv_env_CFLAGS_set=
ac_cv_env_CFLAGS_value=
ac_cv_env_CPPFLAGS_set=
ac_cv_env_CPPFLAGS_value=
ac_cv_env_LDFLAGS_set=
ac_cv_env_LDFLAGS_value=
ac_cv_env_LIBS_set=
ac_cv_env_LIBS_value=
ac_cv_env_build_alias_set=
ac_cv_env_build_alias_value=
ac_cv_env_host_alias_set=
ac_cv_env_host_alias_value=
ac_cv_env_target_alias_set=
ac_cv_env_target_alias_value=
ac_cv_func_unsetenv=yes
ac_cv_objext=o
ac_cv_path_PYTHON=/usr/bin/python
ac_cv_prog_ac_ct_CC=gcc
ac_cv_prog_cc_c89=
ac_cv_prog_cc_g=yes

## ----------------- ##
## Output variables. ##
## ----------------- ##

ASCIIDOC='no'
CC='gcc'
CFLAGS='-g -O2'
CPPFLAGS=''
DEFS='-DPACKAGE_NAME=\"skytools\" -DPACKAGE_TARNAME=\"skytools\" -DPACKAGE_VERSION=\"2.1.13\" -DPACKAGE_STRING=\"skytools\ 2.1.13\" -DPACKAGE_BUGREPORT=\"\" -DPACKAGE_URL=\"\" -DHAVE_UNSETENV=1'
ECHO_C=''
ECHO_N='-n'
ECHO_T=''
EXEEXT=''
LDFLAGS=''
LIBOBJS=''
LIBS=''
LTLIBOBJS=''
MAKE='make'
OBJEXT='o'
PACKAGE_BUGREPORT=''
PACKAGE_NAME='skytools'
PACKAGE_STRING='skytools 2.1.13'
PACKAGE_TARNAME='skytools'
PACKAGE_URL=''
PACKAGE_VERSION='2.1.13'
PATH_SEPARATOR=':'
PG_CONFIG='/usr/lib/postgresql/9.6/bin/pg_config'
PYTHON='/usr/bin/python'
SHELL='/bin/bash'
XMLTO='no'
ac_ct_CC='gcc'
bindir='${exec_prefix}/bin'
build_alias=''
datadir='${datarootdir}'
datarootdir='${prefix}/share'
docdir='${datarootdir}/doc/${PACKAGE_TARNAME}'
dvidir='${docdir}'
exec_prefix='${prefix}'
host_alias=''
htmldir='${docdir}'
includedir='${prefix}/include'
infodir='${datarootdir}/info'
libdir='${exec_prefix}/lib'
libexecdir='${exec_prefix}/libexec'
localedir='${datarootdir}/locale'
localstatedir='${prefix}/var'
mandir='${datarootdir}/man'
oldincludedir='/usr/include'
pdfdir='${docdir}'
prefix='/opt/skytools2'
program_transform_name='s,x,x,'
psdir='${docdir}'
sbindir='${exec_prefix}/sbin'
sharedstatedir='${prefix}/com'
sysconfdir='${prefix}/etc'
target_alias=''

## ----------- ##
## confdefs.h. ##
## ----------- ##

/* confdefs.h */
#define PACKAGE_NAME "skytools"
#define PACKAGE_TARNAME "skytools"
#define PACKAGE_VERSION "2.1.13"
#define PACKAGE_STRING "skytools 2.1.13"
#define PACKAGE_BUGREPORT ""
#define PACKAGE_URL ""
#define HAVE_UNSETENV 1

configure: exit 0
